0 info it worked if it ends with ok
1 verbose cli [ '/usr/local/Cellar/node/6.4.0/bin/node',
1 verbose cli   '/usr/local/bin/npm',
1 verbose cli   'install' ]
2 info using npm@3.10.3
3 info using node@v6.4.0
4 verbose config Skipping project config: /Users/sp/.npmrc. (matches userconfig)
5 silly loadCurrentTree Starting
6 silly install loadCurrentTree
7 silly install readLocalPackageData
8 silly install normalizeTree
9 silly loadCurrentTree Finishing
10 silly loadIdealTree Starting
11 silly install loadIdealTree
12 silly cloneCurrentTree Starting
13 silly install cloneCurrentTreeToIdealTree
14 silly cloneCurrentTree Finishing
15 silly loadShrinkwrap Starting
16 silly install loadShrinkwrap
17 silly loadShrinkwrap Finishing
18 silly loadAllDepsIntoIdealTree Starting
19 silly install loadAllDepsIntoIdealTree
20 silly loadAllDepsIntoIdealTree Finishing
21 silly loadIdealTree Finishing
22 silly currentTree sp
22 silly currentTree ├── abab@1.0.3
22 silly currentTree ├── acorn-globals@1.0.9
22 silly currentTree ├── acorn@2.7.0
22 silly currentTree ├── amdefine@1.0.0
22 silly currentTree ├── ansi-regex@2.0.0
22 silly currentTree ├── ansi-styles@2.2.1
22 silly currentTree ├── asn1@0.2.3
22 silly currentTree ├── assert-plus@0.2.0
22 silly currentTree ├── async@1.5.2
22 silly currentTree ├── aws-sign2@0.6.0
22 silly currentTree ├── aws4@1.4.1
22 silly currentTree ├─┬ bl@1.1.2
22 silly currentTree │ ├── isarray@1.0.0
22 silly currentTree │ └── readable-stream@2.0.6
22 silly currentTree ├── boolbase@1.0.0
22 silly currentTree ├── boom@2.10.1
22 silly currentTree ├── caseless@0.11.0
22 silly currentTree ├── chalk@1.1.3
22 silly currentTree ├── cheerio@0.20.0
22 silly currentTree ├── combined-stream@1.0.5
22 silly currentTree ├── commander@2.9.0
22 silly currentTree ├── core-util-is@1.0.2
22 silly currentTree ├── cryptiles@2.0.5
22 silly currentTree ├── css-select@1.2.0
22 silly currentTree ├── css-what@2.1.0
22 silly currentTree ├── cssom@0.3.1
22 silly currentTree ├── cssstyle@0.2.36
22 silly currentTree ├─┬ dashdash@1.14.0
22 silly currentTree │ └── assert-plus@1.0.0
22 silly currentTree ├── deep-is@0.1.3
22 silly currentTree ├── delayed-stream@1.0.0
22 silly currentTree ├─┬ dom-serializer@0.1.0
22 silly currentTree │ └── domelementtype@1.1.3
22 silly currentTree ├── domelementtype@1.3.0
22 silly currentTree ├── domhandler@2.3.0
22 silly currentTree ├── domutils@1.5.1
22 silly currentTree ├── ecc-jsbn@0.1.1
22 silly currentTree ├── entities@1.1.1
22 silly currentTree ├── escape-string-regexp@1.0.5
22 silly currentTree ├── escodegen@1.8.0
22 silly currentTree ├── esprima@2.7.2
22 silly currentTree ├── estraverse@1.9.3
22 silly currentTree ├── esutils@2.0.2
22 silly currentTree ├── extend@3.0.0
22 silly currentTree ├── extsprintf@1.0.2
22 silly currentTree ├── fast-levenshtein@1.1.4
22 silly currentTree ├── forever-agent@0.6.1
22 silly currentTree ├── form-data@1.0.0-rc4
22 silly currentTree ├── generate-function@2.0.0
22 silly currentTree ├── generate-object-property@1.2.0
22 silly currentTree ├─┬ getpass@0.1.6
22 silly currentTree │ └── assert-plus@1.0.0
22 silly currentTree ├── graceful-readlink@1.0.1
22 silly currentTree ├── har-validator@2.0.6
22 silly currentTree ├── has-ansi@2.0.0
22 silly currentTree ├── hawk@3.1.3
22 silly currentTree ├── hoek@2.16.3
22 silly currentTree ├─┬ htmlparser2@3.8.3
22 silly currentTree │ └── entities@1.0.0
22 silly currentTree ├── http-signature@1.1.1
22 silly currentTree ├── inherits@2.0.1
22 silly currentTree ├── is-my-json-valid@2.13.1
22 silly currentTree ├── is-property@1.0.2
22 silly currentTree ├── is-typedarray@1.0.0
22 silly currentTree ├── isarray@0.0.1
22 silly currentTree ├── isstream@0.1.2
22 silly currentTree ├── jodid25519@1.0.2
22 silly currentTree ├── jsbn@0.1.0
22 silly currentTree ├── jsdom@7.2.2
22 silly currentTree ├── json-schema@0.2.2
22 silly currentTree ├── json-stringify-safe@5.0.1
22 silly currentTree ├── jsonpointer@2.0.0
22 silly currentTree ├── jsprim@1.3.0
22 silly currentTree ├── levn@0.3.0
22 silly currentTree ├── lodash@4.14.1
22 silly currentTree ├── mime-db@1.23.0
22 silly currentTree ├── mime-types@2.1.11
22 silly currentTree ├── node-uuid@1.4.7
22 silly currentTree ├── nth-check@1.0.1
22 silly currentTree ├── nwmatcher@1.3.8
22 silly currentTree ├── oauth-sign@0.8.2
22 silly currentTree ├── optionator@0.8.1
22 silly currentTree ├── parse5@1.5.1
22 silly currentTree ├── pinkie-promise@2.0.1
22 silly currentTree ├── pinkie@2.0.4
22 silly currentTree ├── prelude-ls@1.1.2
22 silly currentTree ├── process-nextick-args@1.0.7
22 silly currentTree ├── qs@6.2.1
22 silly currentTree ├── readable-stream@1.1.14
22 silly currentTree ├── request@2.74.0
22 silly currentTree ├── sax@1.2.1
22 silly currentTree ├── sntp@1.0.9
22 silly currentTree ├── source-map@0.2.0
22 silly currentTree ├─┬ sshpk@1.9.2
22 silly currentTree │ └── assert-plus@1.0.0
22 silly currentTree ├── string_decoder@0.10.31
22 silly currentTree ├── stringstream@0.0.5
22 silly currentTree ├── strip-ansi@3.0.1
22 silly currentTree ├── supports-color@2.0.0
22 silly currentTree ├── symbol-tree@3.1.4
22 silly currentTree ├── tough-cookie@2.3.1
22 silly currentTree ├── tr46@0.0.3
22 silly currentTree ├── tunnel-agent@0.4.3
22 silly currentTree ├── tweetnacl@0.13.3
22 silly currentTree ├── type-check@0.3.2
22 silly currentTree ├── util-deprecate@1.0.2
22 silly currentTree ├── verror@1.3.6
22 silly currentTree ├── webidl-conversions@2.0.1
22 silly currentTree ├── whatwg-url-compat@0.6.5
22 silly currentTree ├── wordwrap@1.0.0
22 silly currentTree ├── xml-name-validator@2.0.1
22 silly currentTree └── xtend@4.0.1
23 silly idealTree sp
23 silly idealTree ├── abab@1.0.3
23 silly idealTree ├── acorn-globals@1.0.9
23 silly idealTree ├── acorn@2.7.0
23 silly idealTree ├── amdefine@1.0.0
23 silly idealTree ├── ansi-regex@2.0.0
23 silly idealTree ├── ansi-styles@2.2.1
23 silly idealTree ├── asn1@0.2.3
23 silly idealTree ├── assert-plus@0.2.0
23 silly idealTree ├── async@1.5.2
23 silly idealTree ├── aws-sign2@0.6.0
23 silly idealTree ├── aws4@1.4.1
23 silly idealTree ├─┬ bl@1.1.2
23 silly idealTree │ ├── isarray@1.0.0
23 silly idealTree │ └── readable-stream@2.0.6
23 silly idealTree ├── boolbase@1.0.0
23 silly idealTree ├── boom@2.10.1
23 silly idealTree ├── caseless@0.11.0
23 silly idealTree ├── chalk@1.1.3
23 silly idealTree ├── cheerio@0.20.0
23 silly idealTree ├── combined-stream@1.0.5
23 silly idealTree ├── commander@2.9.0
23 silly idealTree ├── core-util-is@1.0.2
23 silly idealTree ├── cryptiles@2.0.5
23 silly idealTree ├── css-select@1.2.0
23 silly idealTree ├── css-what@2.1.0
23 silly idealTree ├── cssom@0.3.1
23 silly idealTree ├── cssstyle@0.2.36
23 silly idealTree ├─┬ dashdash@1.14.0
23 silly idealTree │ └── assert-plus@1.0.0
23 silly idealTree ├── deep-is@0.1.3
23 silly idealTree ├── delayed-stream@1.0.0
23 silly idealTree ├─┬ dom-serializer@0.1.0
23 silly idealTree │ └── domelementtype@1.1.3
23 silly idealTree ├── domelementtype@1.3.0
23 silly idealTree ├── domhandler@2.3.0
23 silly idealTree ├── domutils@1.5.1
23 silly idealTree ├── ecc-jsbn@0.1.1
23 silly idealTree ├── entities@1.1.1
23 silly idealTree ├── escape-string-regexp@1.0.5
23 silly idealTree ├── escodegen@1.8.0
23 silly idealTree ├── esprima@2.7.2
23 silly idealTree ├── estraverse@1.9.3
23 silly idealTree ├── esutils@2.0.2
23 silly idealTree ├── extend@3.0.0
23 silly idealTree ├── extsprintf@1.0.2
23 silly idealTree ├── fast-levenshtein@1.1.4
23 silly idealTree ├── forever-agent@0.6.1
23 silly idealTree ├── form-data@1.0.0-rc4
23 silly idealTree ├── generate-function@2.0.0
23 silly idealTree ├── generate-object-property@1.2.0
23 silly idealTree ├─┬ getpass@0.1.6
23 silly idealTree │ └── assert-plus@1.0.0
23 silly idealTree ├── graceful-readlink@1.0.1
23 silly idealTree ├── har-validator@2.0.6
23 silly idealTree ├── has-ansi@2.0.0
23 silly idealTree ├── hawk@3.1.3
23 silly idealTree ├── hoek@2.16.3
23 silly idealTree ├─┬ htmlparser2@3.8.3
23 silly idealTree │ └── entities@1.0.0
23 silly idealTree ├── http-signature@1.1.1
23 silly idealTree ├── inherits@2.0.1
23 silly idealTree ├── is-my-json-valid@2.13.1
23 silly idealTree ├── is-property@1.0.2
23 silly idealTree ├── is-typedarray@1.0.0
23 silly idealTree ├── isarray@0.0.1
23 silly idealTree ├── isstream@0.1.2
23 silly idealTree ├── jodid25519@1.0.2
23 silly idealTree ├── jsbn@0.1.0
23 silly idealTree ├── jsdom@7.2.2
23 silly idealTree ├── json-schema@0.2.2
23 silly idealTree ├── json-stringify-safe@5.0.1
23 silly idealTree ├── jsonpointer@2.0.0
23 silly idealTree ├── jsprim@1.3.0
23 silly idealTree ├── levn@0.3.0
23 silly idealTree ├── lodash@4.14.1
23 silly idealTree ├── mime-db@1.23.0
23 silly idealTree ├── mime-types@2.1.11
23 silly idealTree ├── node-uuid@1.4.7
23 silly idealTree ├── nth-check@1.0.1
23 silly idealTree ├── nwmatcher@1.3.8
23 silly idealTree ├── oauth-sign@0.8.2
23 silly idealTree ├── optionator@0.8.1
23 silly idealTree ├── parse5@1.5.1
23 silly idealTree ├── pinkie-promise@2.0.1
23 silly idealTree ├── pinkie@2.0.4
23 silly idealTree ├── prelude-ls@1.1.2
23 silly idealTree ├── process-nextick-args@1.0.7
23 silly idealTree ├── qs@6.2.1
23 silly idealTree ├── readable-stream@1.1.14
23 silly idealTree ├── request@2.74.0
23 silly idealTree ├── sax@1.2.1
23 silly idealTree ├── sntp@1.0.9
23 silly idealTree ├── source-map@0.2.0
23 silly idealTree ├─┬ sshpk@1.9.2
23 silly idealTree │ └── assert-plus@1.0.0
23 silly idealTree ├── string_decoder@0.10.31
23 silly idealTree ├── stringstream@0.0.5
23 silly idealTree ├── strip-ansi@3.0.1
23 silly idealTree ├── supports-color@2.0.0
23 silly idealTree ├── symbol-tree@3.1.4
23 silly idealTree ├── tough-cookie@2.3.1
23 silly idealTree ├── tr46@0.0.3
23 silly idealTree ├── tunnel-agent@0.4.3
23 silly idealTree ├── tweetnacl@0.13.3
23 silly idealTree ├── type-check@0.3.2
23 silly idealTree ├── util-deprecate@1.0.2
23 silly idealTree ├── verror@1.3.6
23 silly idealTree ├── webidl-conversions@2.0.1
23 silly idealTree ├── whatwg-url-compat@0.6.5
23 silly idealTree ├── wordwrap@1.0.0
23 silly idealTree ├── xml-name-validator@2.0.1
23 silly idealTree └── xtend@4.0.1
24 silly generateActionsToTake Starting
25 silly install generateActionsToTake
26 silly generateActionsToTake Finishing
27 silly diffTrees action count 0
28 silly decomposeActions action count 0
29 silly executeActions Starting
30 silly install executeActions
31 silly doSerial global-install 0
32 silly doParallel fetch 0
33 verbose correctMkdir /Users/sp/.npm/_locks correctMkdir not in flight; initializing
34 verbose lock using /Users/sp/.npm/_locks/staging-d70f45a8206d255f.lock for /Users/sp/node_modules/.staging
35 verbose unlock done using /Users/sp/.npm/_locks/staging-d70f45a8206d255f.lock for /Users/sp/node_modules/.staging
36 silly rollbackFailedOptional Starting
37 silly rollbackFailedOptional Finishing
38 silly runTopLevelLifecycles Starting
39 silly runTopLevelLifecycles Finishing
40 silly install printInstalled
41 warn enoent ENOENT: no such file or directory, open '/Users/sp/package.json'
42 warn sp No description
43 warn sp No repository field.
44 warn sp No README data
45 warn sp No license field.
46 verbose stack Error: EACCES: permission denied, mkdir '/Users/sp/node_modules/.staging'
46 verbose stack     at Error (native)
47 verbose cwd /Users/sp/exercism/javascript/hello-world
48 error Darwin 15.6.0
49 error argv "/usr/local/Cellar/node/6.4.0/bin/node" "/usr/local/bin/npm" "install"
50 error node v6.4.0
51 error npm  v3.10.3
52 error path /Users/sp/node_modules/.staging
53 error code EACCES
54 error errno -13
55 error syscall mkdir
56 error Error: EACCES: permission denied, mkdir '/Users/sp/node_modules/.staging'
56 error     at Error (native)
56 error  { Error: EACCES: permission denied, mkdir '/Users/sp/node_modules/.staging'
56 error     at Error (native)
56 error   errno: -13,
56 error   code: 'EACCES',
56 error   syscall: 'mkdir',
56 error   path: '/Users/sp/node_modules/.staging' }
57 error Please try running this command again as root/Administrator.
58 verbose exit [ -13, true ]
